Performing C SOURCE FILE Test CMAKE_HAVE_LIBC_PTHREAD failed with the following output:
Change Dir: /mnt/c/Users/nogaj/Documents/learning_go/proto_grpc_hello/helloworld/cmake/build/CMakeFiles/CMakeTmp

Run Build Command(s):/usr/bin/gmake cmTC_9aa4f/fast && /usr/bin/gmake  -f CMakeFiles/cmTC_9aa4f.dir/build.make CMakeFiles/cmTC_9aa4f.dir/build
gmake[1]: Entering directory '/mnt/c/Users/nogaj/Documents/learning_go/proto_grpc_hello/helloworld/cmake/build/CMakeFiles/CMakeTmp'
Building C object CMakeFiles/cmTC_9aa4f.dir/src.c.o
/usr/bin/cc -DCMAKE_HAVE_LIBC_PTHREAD   -o CMakeFiles/cmTC_9aa4f.dir/src.c.o -c /mnt/c/Users/nogaj/Documents/learning_go/proto_grpc_hello/helloworld/cmake/build/CMakeFiles/CMakeTmp/src.c
Linking C executable cmTC_9aa4f
/home/noga/.local/bin/cmake -E cmake_link_script CMakeFiles/cmTC_9aa4f.dir/link.txt --verbose=1
/usr/bin/cc CMakeFiles/cmTC_9aa4f.dir/src.c.o -o cmTC_9aa4f 
/usr/bin/ld: CMakeFiles/cmTC_9aa4f.dir/src.c.o: in function `main':
src.c:(.text+0x2f): undefined reference to `pthread_create'
/usr/bin/ld: src.c:(.text+0x3b): undefined reference to `pthread_detach'
/usr/bin/ld: src.c:(.text+0x47): undefined reference to `pthread_cancel'
/usr/bin/ld: src.c:(.text+0x58): undefined reference to `pthread_join'
collect2: error: ld returned 1 exit status
gmake[1]: *** [CMakeFiles/cmTC_9aa4f.dir/build.make:106: cmTC_9aa4f] Error 1
gmake[1]: Leaving directory '/mnt/c/Users/nogaj/Documents/learning_go/proto_grpc_hello/helloworld/cmake/build/CMakeFiles/CMakeTmp'
gmake: *** [Makefile:140: cmTC_9aa4f/fast] Error 2


Source file was:
#include <pthread.h>

static void* test_func(void* data)
{
  return data;
}

int main(void)
{
  pthread_t thread;
  pthread_create(&thread, NULL, test_func, NULL);
  pthread_detach(thread);
  pthread_cancel(thread);
  pthread_join(thread, NULL);
  pthread_atfork(NULL, NULL, NULL);
  pthread_exit(NULL);

  return 0;
}

Determining if the function pthread_create exists in the pthreads failed with the following output:
Change Dir: /mnt/c/Users/nogaj/Documents/learning_go/proto_grpc_hello/helloworld/cmake/build/CMakeFiles/CMakeTmp

Run Build Command(s):/usr/bin/gmake cmTC_bba2b/fast && /usr/bin/gmake  -f CMakeFiles/cmTC_bba2b.dir/build.make CMakeFiles/cmTC_bba2b.dir/build
gmake[1]: Entering directory '/mnt/c/Users/nogaj/Documents/learning_go/proto_grpc_hello/helloworld/cmake/build/CMakeFiles/CMakeTmp'
Building C object CMakeFiles/cmTC_bba2b.dir/CheckFunctionExists.c.o
/usr/bin/cc   -DCHECK_FUNCTION_EXISTS=pthread_create -o CMakeFiles/cmTC_bba2b.dir/CheckFunctionExists.c.o -c /home/noga/.local/share/cmake-3.19/Modules/CheckFunctionExists.c
Linking C executable cmTC_bba2b
/home/noga/.local/bin/cmake -E cmake_link_script CMakeFiles/cmTC_bba2b.dir/link.txt --verbose=1
/usr/bin/cc  -DCHECK_FUNCTION_EXISTS=pthread_create CMakeFiles/cmTC_bba2b.dir/CheckFunctionExists.c.o -o cmTC_bba2b  -lpthreads 
/usr/bin/ld: cannot find -lpthreads
collect2: error: ld returned 1 exit status
gmake[1]: *** [CMakeFiles/cmTC_bba2b.dir/build.make:106: cmTC_bba2b] Error 1
gmake[1]: Leaving directory '/mnt/c/Users/nogaj/Documents/learning_go/proto_grpc_hello/helloworld/cmake/build/CMakeFiles/CMakeTmp'
gmake: *** [Makefile:140: cmTC_bba2b/fast] Error 2



